# JRE version: Java(TM) SE Runtime Environment (8.0-b129) (build 1.8.0-b129)
# Java VM: Java HotSpot(TM) 64-Bit Server VM (25.0-b69 mixed mode windows-amd64 compressed oops)
Heap:
 PSYoungGen      total 3072K, used 2913K [0x00000000eb180000, 0x00000000eb880000, 0x0000000100000000)
  eden space 2048K, 96% used [0x00000000eb180000,0x00000000eb3702d0,0x00000000eb380000)
  from space 1024K, 90% used [0x00000000eb380000,0x00000000eb4681f0,0x00000000eb480000)
  to   space 1536K, 0% used [0x00000000eb700000,0x00000000eb700000,0x00000000eb880000)
 ParOldGen       total 64000K, used 1117K [0x00000000c1400000, 0x00000000c5280000, 0x00000000eb180000)
  object space 64000K, 1% used [0x00000000c1400000,0x00000000c1517480,0x00000000c5280000)
 Metaspace       used 10062K, capacity 10246K, committed 10496K, reserved 1058816K
  class space    used 1187K, capacity 1237K, committed 1280K, reserved 1048576K
GC Heap History (10 events):
Event: 0.296 GC heap before
{Heap before GC invocations=3 (full 0):
 PSYoungGen      total 1024K, used 992K [0x00000000eb180000, 0x00000000eb380000, 0x0000000100000000)
  eden space 512K, 100% used [0x00000000eb180000,0x00000000eb200000,0x00000000eb200000)
  from space 512K, 93% used [0x00000000eb280000,0x00000000eb2f8020,0x00000000eb300000)
  to   space 512K, 0% used [0x00000000eb200000,0x00000000eb200000,0x00000000eb280000)
 ParOldGen       total 64000K, used 112K [0x00000000c1400000, 0x00000000c5280000, 0x00000000eb180000)
  object space 64000K, 0% used [0x00000000c1400000,0x00000000c141c3b0,0x00000000c5280000)
 Metaspace       used 5407K, capacity 5538K, committed 5888K, reserved 1056768K
  class space    used 611K, capacity 650K, committed 768K, reserved 1048576K
Event: 0.298 GC heap after
Heap after GC invocations=3 (full 0):
 PSYoungGen      total 1024K, used 480K [0x00000000eb180000, 0x00000000eb380000, 0x0000000100000000)
  eden space 512K, 0% used [0x00000000eb180000,0x00000000eb180000,0x00000000eb200000)
  from space 512K, 93% used [0x00000000eb200000,0x00000000eb278020,0x00000000eb280000)
  to   space 512K, 0% used [0x00000000eb300000,0x00000000eb300000,0x00000000eb380000)
 ParOldGen       total 64000K, used 439K [0x00000000c1400000, 0x00000000c5280000, 0x00000000eb180000)
  object space 64000K, 0% used [0x00000000c1400000,0x00000000c146df78,0x00000000c5280000)
 Metaspace       used 5407K, capacity 5538K, committed 5888K, reserved 1056768K
  class space    used 611K, capacity 650K, committed 768K, reserved 1048576K
}
Event: 0.336 GC heap before
{Heap before GC invocations=4 (full 0):
 PSYoungGen      total 1024K, used 992K [0x00000000eb180000, 0x00000000eb380000, 0x0000000100000000)
  eden space 512K, 100% used [0x00000000eb180000,0x00000000eb200000,0x00000000eb200000)
  from space 512K, 93% used [0x00000000eb200000,0x00000000eb278020,0x00000000eb280000)
  to   space 512K, 0% used [0x00000000eb300000,0x00000000eb300000,0x00000000eb380000)
 ParOldGen       total 64000K, used 439K [0x00000000c1400000, 0x00000000c5280000, 0x00000000eb180000)
  object space 64000K, 0% used [0x00000000c1400000,0x00000000c146df78,0x00000000c5280000)
 Metaspace       used 6004K, capacity 6120K, committed 6400K, reserved 1056768K
  class space    used 690K, capacity 716K, committed 768K, reserved 1048576K
Event: 0.338 GC heap after
Heap after GC invocations=4 (full 0):
 PSYoungGen      total 1536K, used 512K [0x00000000eb180000, 0x00000000eb380000, 0x0000000100000000)
  eden space 1024K, 0% used [0x00000000eb180000,0x00000000eb180000,0x00000000eb280000)
  from space 512K, 100% used [0x00000000eb300000,0x00000000eb380000,0x00000000eb380000)
  to   space 512K, 0% used [0x00000000eb280000,0x00000000eb280000,0x00000000eb300000)
 ParOldGen       total 64000K, used 663K [0x00000000c1400000, 0x00000000c5280000, 0x00000000eb180000)
  object space 64000K, 1% used [0x00000000c1400000,0x00000000c14a5f28,0x00000000c5280000)
 Metaspace       used 6004K, capacity 6120K, committed 6400K, reserved 1056768K
  class space    used 690K, capacity 716K, committed 768K, reserved 1048576K
}
Event: 0.360 GC heap before
{Heap before GC invocations=5 (full 0):
 PSYoungGen      total 1536K, used 1532K [0x00000000eb180000, 0x00000000eb380000, 0x0000000100000000)
  eden space 1024K, 99% used [0x00000000eb180000,0x00000000eb27f1b8,0x00000000eb280000)
  from space 512K, 100% used [0x00000000eb300000,0x00000000eb380000,0x00000000eb380000)
  to   space 512K, 0% used [0x00000000eb280000,0x00000000eb280000,0x00000000eb300000)
 ParOldGen       total 64000K, used 663K [0x00000000c1400000, 0x00000000c5280000, 0x00000000eb180000)
  object space 64000K, 1% used [0x00000000c1400000,0x00000000c14a5f28,0x00000000c5280000)
 Metaspace       used 6318K, capacity 6408K, committed 6656K, reserved 1056768K
  class space    used 715K, capacity 748K, committed 768K, reserved 1048576K
Event: 0.362 GC heap after
Heap after GC invocations=5 (full 0):
 PSYoungGen      total 1536K, used 503K [0x00000000eb180000, 0x00000000eb580000, 0x0000000100000000)
  eden space 1024K, 0% used [0x00000000eb180000,0x00000000eb180000,0x00000000eb280000)
  from space 512K, 98% used [0x00000000eb280000,0x00000000eb2fdd08,0x00000000eb300000)
  to   space 1024K, 0% used [0x00000000eb480000,0x00000000eb480000,0x00000000eb580000)
 ParOldGen       total 64000K, used 933K [0x00000000c1400000, 0x00000000c5280000, 0x00000000eb180000)
  object space 64000K, 1% used [0x00000000c1400000,0x00000000c14e9460,0x00000000c5280000)
 Metaspace       used 6318K, capacity 6408K, committed 6656K, reserved 1056768K
  class space    used 715K, capacity 748K, committed 768K, reserved 1048576K
}
Event: 0.387 GC heap before
{Heap before GC invocations=6 (full 0):
 PSYoungGen      total 1536K, used 1507K [0x00000000eb180000, 0x00000000eb580000, 0x0000000100000000)
  eden space 1024K, 98% used [0x00000000eb180000,0x00000000eb27af50,0x00000000eb280000)
  from space 512K, 98% used [0x00000000eb280000,0x00000000eb2fdd08,0x00000000eb300000)
  to   space 1024K, 0% used [0x00000000eb480000,0x00000000eb480000,0x00000000eb580000)
 ParOldGen       total 64000K, used 933K [0x00000000c1400000, 0x00000000c5280000, 0x00000000eb180000)
  object space 64000K, 1% used [0x00000000c1400000,0x00000000c14e9460,0x00000000c5280000)
 Metaspace       used 6634K, capacity 6696K, committed 7040K, reserved 1056768K
  class space    used 745K, capacity 780K, committed 896K, reserved 1048576K
Event: 0.389 GC heap after
Heap after GC invocations=6 (full 0):
 PSYoungGen      total 3072K, used 789K [0x00000000eb180000, 0x00000000eb580000, 0x0000000100000000)
  eden space 2048K, 0% used [0x00000000eb180000,0x00000000eb180000,0x00000000eb380000)
  from space 1024K, 77% used [0x00000000eb480000,0x00000000eb5456c0,0x00000000eb580000)
  to   space 1024K, 0% used [0x00000000eb380000,0x00000000eb380000,0x00000000eb480000)
 ParOldGen       total 64000K, used 941K [0x00000000c1400000, 0x00000000c5280000, 0x00000000eb180000)
  object space 64000K, 1% used [0x00000000c1400000,0x00000000c14eb460,0x00000000c5280000)
 Metaspace       used 6634K, capacity 6696K, committed 7040K, reserved 1056768K
  class space    used 745K, capacity 780K, committed 896K, reserved 1048576K
}
Event: 0.531 GC heap before
{Heap before GC invocations=7 (full 0):
 PSYoungGen      total 3072K, used 2809K [0x00000000eb180000, 0x00000000eb580000, 0x0000000100000000)
  eden space 2048K, 98% used [0x00000000eb180000,0x00000000eb379108,0x00000000eb380000)
  from space 1024K, 77% used [0x00000000eb480000,0x00000000eb5456c0,0x00000000eb580000)
  to   space 1024K, 0% used [0x00000000eb380000,0x00000000eb380000,0x00000000eb480000)
 ParOldGen       total 64000K, used 941K [0x00000000c1400000, 0x00000000c5280000, 0x00000000eb180000)
  object space 64000K, 1% used [0x00000000c1400000,0x00000000c14eb460,0x00000000c5280000)
 Metaspace       used 7682K, capacity 7784K, committed 7936K, reserved 1056768K
  class space    used 860K, capacity 908K, committed 1024K, reserved 1048576K
Event: 0.534 GC heap after
Heap after GC invocations=7 (full 0):
 PSYoungGen      total 3072K, used 928K [0x00000000eb180000, 0x00000000eb880000, 0x0000000100000000)
  eden space 2048K, 0% used [0x00000000eb180000,0x00000000eb180000,0x00000000eb380000)
  from space 1024K, 90% used [0x00000000eb380000,0x00000000eb4681f0,0x00000000eb480000)
  to   space 1536K, 0% used [0x00000000eb700000,0x00000000eb700000,0x00000000eb880000)
 ParOldGen       total 64000K, used 1117K [0x00000000c1400000, 0x00000000c5280000, 0x00000000eb180000)
  object space 64000K, 1% used [0x00000000c1400000,0x00000000c1517480,0x00000000c5280000)
 Metaspace       used 7682K, capacity 7784K, committed 7936K, reserved 1056768K
  class space    used 860K, capacity 908K, committed 1024K, reserved 1048576K
}

